<?xml version="1.0" encoding="UTF-8"?>
<testsuite xmlns:xsi="http://www.w3.org/2001/XMLSchema-instance" xsi:noNamespaceSchemaLocation="https://maven.apache.org/surefire/maven-surefire-plugin/xsd/surefire-test-report-3.0.xsd" version="3.0" name="com.camel.aggregator.AggregatorRouteTest" time="2.631" tests="1" errors="0" skipped="0" failures="0">
  <properties>
[...]
</properties>
  <testcase name="testAggregationRoute" classname="com.camel.aggregator.AggregatorRouteTest" time="0.52">
    <system-out><![CDATA[09:20:00.545 [main] INFO org.springframework.test.context.support.AnnotationConfigContextLoaderUtils -- Could not detect default configuration classes for test class [com.camel.aggregator.AggregatorRouteTest]: AggregatorRouteTest does not declare any static, non-private, non-final, nested classes annotated with @Configuration.
09:20:00.598 [main] INFO org.springframework.boot.test.context.SpringBootTestContextBootstrapper -- Found @SpringBootConfiguration com.camel.aggregator.CamelAggregatorApplication for test class com.camel.aggregator.AggregatorRouteTest
09:20:00.652 [main] INFO org.apache.camel.test.spring.junit5.CamelSpringBootExecutionListener -- CamelSpringBootExecutionListener preparing: class com.camel.aggregator.AggregatorRouteTest
09:20:00.655 [main] INFO org.apache.camel.test.spring.junit5.CamelAnnotationsHandler -- Disabling Camel JMX globally for tests by default. Use the DisableJMX annotation to override the default setting.

  .   ____          _            __ _ _
 /\\ / ___'_ __ _ _(_)_ __  __ _ \ \ \ \
( ( )\___ | '_ | '_| | '_ \/ _` | \ \ \ \
 \\/  ___)| |_)| | | | | || (_| |  ) ) ) )
  '  |____| .__|_| |_|_| |_\__, | / / / /
 =========|_|==============|___/=/_/_/_/
 :: Spring Boot ::                (v3.2.4)

2026-05-10T09:20:00.781-04:00  WARN 96166 --- [rest-api-aggregator] [           main] ory$DuplicateJsonObjectContextCustomizer : 

Found multiple occurrences of org.json.JSONObject on the class path:

	jar:file:/Users/jsoehner/.m2/repository/org/json/json/20231013/json-20231013.jar!/org/json/JSONObject.class
	jar:file:/Users/jsoehner/.m2/repository/com/vaadin/external/google/android-json/0.0.20131108.vaadin1/android-json-0.0.20131108.vaadin1.jar!/org/json/JSONObject.class

You may wish to exclude one of them to ensure predictable runtime behavior

2026-05-10T09:20:00.786-04:00  INFO 96166 --- [rest-api-aggregator] [           main] c.camel.aggregator.AggregatorRouteTest   : Starting AggregatorRouteTest using Java 25.0.2 with PID 96166 (started by jsoehner in /Users/jsoehner/camel)
2026-05-10T09:20:00.787-04:00  INFO 96166 --- [rest-api-aggregator] [           main] c.camel.aggregator.AggregatorRouteTest   : No active profile set, falling back to 1 default profile: "default"
2026-05-10T09:20:01.241-04:00  INFO 96166 --- [rest-api-aggregator] [           main] .s.d.r.c.RepositoryConfigurationDelegate : Multiple Spring Data modules found, entering strict repository configuration mode
2026-05-10T09:20:01.242-04:00  INFO 96166 --- [rest-api-aggregator] [           main] .s.d.r.c.RepositoryConfigurationDelegate : Bootstrapping Spring Data Redis repositories in DEFAULT mode.
2026-05-10T09:20:01.254-04:00  INFO 96166 --- [rest-api-aggregator] [           main] .s.d.r.c.RepositoryConfigurationDelegate : Finished Spring Data repository scanning in 6 ms. Found 0 Redis repository interfaces.
2026-05-10T09:20:01.487-04:00  INFO 96166 --- [rest-api-aggregator] [           main] o.s.b.w.embedded.tomcat.TomcatWebServer  : Tomcat initialized with port 0 (http)
2026-05-10T09:20:01.492-04:00  INFO 96166 --- [rest-api-aggregator] [           main] o.apache.catalina.core.StandardService   : Starting service [Tomcat]
2026-05-10T09:20:01.492-04:00  INFO 96166 --- [rest-api-aggregator] [           main] o.apache.catalina.core.StandardEngine    : Starting Servlet engine: [Apache Tomcat/10.1.19]
2026-05-10T09:20:01.529-04:00  INFO 96166 --- [rest-api-aggregator] [           main] o.a.c.c.C.[Tomcat].[localhost].[/]       : Initializing Spring embedded WebApplicationContext
2026-05-10T09:20:01.530-04:00  INFO 96166 --- [rest-api-aggregator] [           main] w.s.c.ServletWebServerApplicationContext : Root WebApplicationContext: initialization completed in 735 ms
2026-05-10T09:20:01.831-04:00  WARN 96166 --- [rest-api-aggregator] [           main] o.s.security.core.userdetails.User       : User.withDefaultPasswordEncoder() is considered unsafe for production and is only intended for sample applications.
2026-05-10T09:20:01.967-04:00  INFO 96166 --- [rest-api-aggregator] [           main] o.s.b.a.w.s.WelcomePageHandlerMapping    : Adding welcome page: class path resource [static/index.html]
2026-05-10T09:20:02.148-04:00  INFO 96166 --- [rest-api-aggregator] [           main] o.s.b.a.e.web.EndpointLinksResolver      : Exposing 3 endpoint(s) beneath base path '/actuator'
2026-05-10T09:20:02.165-04:00  INFO 96166 --- [rest-api-aggregator] [           main] o.s.s.web.DefaultSecurityFilterChain     : Will secure any request with [org.springframework.security.web.session.DisableEncodeUrlFilter@45e35a0d, org.springframework.security.web.context.request.async.WebAsyncManagerIntegrationFilter@21d15932, org.springframework.security.web.context.SecurityContextHolderFilter@68a94e58, org.springframework.security.web.header.HeaderWriterFilter@25109d84, org.springframework.web.filter.CorsFilter@3966c679, org.springframework.security.web.authentication.logout.LogoutFilter@364c93e6, org.springframework.security.web.authentication.www.BasicAuthenticationFilter@25b83dce, org.springframework.security.web.savedrequest.RequestCacheAwareFilter@4a49919c, org.springframework.security.web.servletapi.SecurityContextHolderAwareRequestFilter@3e5b2630, org.springframework.security.web.authentication.AnonymousAuthenticationFilter@66a99584, org.springframework.security.web.access.ExceptionTranslationFilter@7b7b1448, org.springframework.security.web.access.intercept.AuthorizationFilter@6c8672b9]
2026-05-10T09:20:02.454-04:00  INFO 96166 --- [rest-api-aggregator] [           main] o.s.b.w.embedded.tomcat.TomcatWebServer  : Tomcat started on port 57886 (http) with context path ''
2026-05-10T09:20:02.575-04:00  INFO 96166 --- [rest-api-aggregator] [           main] c.camel.aggregator.AggregatorRouteTest   : Started AggregatorRouteTest in 1.906 seconds (process running for 2.396)
2026-05-10T09:20:03.103-04:00  INFO 96166 --- [rest-api-aggregator] [           main] c.camel.aggregator.AggregatorRouteTest   : ********************************************************************************
2026-05-10T09:20:03.103-04:00  INFO 96166 --- [rest-api-aggregator] [           main] c.camel.aggregator.AggregatorRouteTest   : Testing done: testAggregationRoute (com.camel.aggregator.AggregatorRouteTest)
2026-05-10T09:20:03.103-04:00  INFO 96166 --- [rest-api-aggregator] [           main] c.camel.aggregator.AggregatorRouteTest   : Took: 371ms (371 millis)
2026-05-10T09:20:03.103-04:00  INFO 96166 --- [rest-api-aggregator] [           main] c.camel.aggregator.AggregatorRouteTest   : ********************************************************************************
]]></system-out>
    <system-err><![CDATA[WARNING: A Java agent has been loaded dynamically (/Users/jsoehner/.m2/repository/net/bytebuddy/byte-buddy-agent/1.14.12/byte-buddy-agent-1.14.12.jar)
WARNING: If a serviceability tool is in use, please run with -XX:+EnableDynamicAgentLoading to hide this warning
WARNING: If a serviceability tool is not in use, please run with -Djdk.instrument.traceUsage for more information
WARNING: Dynamic loading of agents will be disallowed by default in a future release
]]></system-err>
  </testcase>
</testsuite>